#
# There is insufficient memory for the Java Runtime Environment to continue.
# Native memory allocation (malloc) failed to allocate 1054416 bytes for Chunk::new
# Possible reasons:
#   The system is out of physical RAM or swap space
#   The process is running with CompressedOops enabled, and the Java Heap may be blocking the growth of the native heap
# Possible solutions:
#   Reduce memory load on the system
#   Increase physical memory or swap space
#   Check if swap backing store is full
#   Decrease Java heap size (-Xmx/-Xms)
#   Decrease number of Java threads
#   Decrease Java thread stack sizes (-Xss)
#   Set larger code cache with -XX:ReservedCodeCacheSize=
#   JVM is running with Unscaled Compressed Oops mode in which the Java heap is
#     placed in the first 4GB address space. The Java Heap base address is the
#     maximum limit for the native heap growth. Please use -XX:HeapBaseMinAddress
#     to set the Java Heap base and to place the Java Heap above 4GB virtual address.
# This output file may be truncated or incomplete.
#
#  Out of Memory Error (./open/src/hotspot/share/memory/arena.cpp:195), pid=18020, tid=15628
#
# JRE version: Java(TM) SE Runtime Environment (14.0.2+12) (build 14.0.2+12-46)
# Java VM: Java HotSpot(TM) 64-Bit Server VM (14.0.2+12-46, mixed mode, sharing, tiered, compressed oops, g1 gc, windows-amd64)
# Core dump will be written. Default location: C:\ServerRun\automation1.0\hs_err_pid18020.mdmp
#

---------------  S U M M A R Y ------------

Command Line: -ea -Dfile.encoding=Cp1252 org.testng.remote.RemoteTestNG -serport 62557 -protocol json -d C:\ServerRun\automation1.0\test-output C:\ServerRun\automation1.0\Build03.xml

Host: Intel(R) Xeon(R) CPU E5-2673 v4 @ 2.30GHz, 2 cores, 3G,  Windows Server 2019 , 64 bit Build 17763 (10.0.17763.1339)
Time: Thu Sep  3 05:02:46 2020 Coordinated Universal Time elapsed time: 3928 seconds (0d 1h 5m 28s)

---------------  T H R E A D  ---------------

Current thread (0x00000258ffabd000):  JavaThread "C2 CompilerThread0" daemon [_thread_in_native, id=15628, stack(0x00000069bba00000,0x00000069bbb00000)]


Current CompileTask:
C2:3928963 7411       4       org.openqa.selenium.WebDriverException::createMessage (112 bytes)

Stack: [0x00000069bba00000,0x00000069bbb00000]
Native frames: (J=compiled Java code, j=interpreted, Vv=VM code, C=native code)
V  [jvm.dll+0x5f8a9a]
V  [jvm.dll+0x74247a]
V  [jvm.dll+0x743c2f]
V  [jvm.dll+0x744273]
V  [jvm.dll+0x20d288]
V  [jvm.dll+0xabb07]
V  [jvm.dll+0xac1fc]
V  [jvm.dll+0x31c438]
V  [jvm.dll+0x2e6b38]
V  [jvm.dll+0x2e5f3a]
V  [jvm.dll+0x1e5e16]
V  [jvm.dll+0x1e50b8]
V  [jvm.dll+0x1779cc]
V  [jvm.dll+0x1f4105]
V  [jvm.dll+0x1f22eb]
V  [jvm.dll+0x7070cd]
V  [jvm.dll+0x6ffeda]
V  [jvm.dll+0x5f78f6]
C  [ucrtbase.dll+0x21ffa]
C  [KERNEL32.DLL+0x17974]
C  [ntdll.dll+0x6a271]


---------------  P R O C E S S  ---------------

Threads class SMR info:
_java_thread_list=0x0000025885e16a50, length=66, elements={
0x00000258e7d93800, 0x00000258ffa9a000, 0x00000258ffaa3800, 0x00000258ffab8800,
0x00000258ffab9800, 0x00000258ffaba800, 0x00000258ffabd000, 0x00000258ffb3b800,
0x00000258ffb3c800, 0x00000258848a4000, 0x00000258848ac800, 0x00000258854d7800,
0x000002588536c000, 0x0000025885baf000, 0x0000025885bad800, 0x0000025885bae000,
0x0000025885baf800, 0x0000025884b03800, 0x0000025884b00800, 0x0000025884b01000,
0x0000025884b07800, 0x0000025884b05000, 0x0000025884b07000, 0x0000025884b02000,
0x0000025884b08800, 0x0000025884b06000, 0x0000025884b0f000, 0x0000025884b0a000,
0x0000025884b02800, 0x0000025884b04800, 0x0000025884b0e000, 0x0000025884b0b000,
0x0000025884b0b800, 0x0000025884b0c800, 0x00000258858fd800, 0x00000258858fe800,
0x00000258858ff800, 0x0000025885900000, 0x0000025885901000, 0x0000025885902000,
0x00000258858fc000, 0x0000025885906000, 0x0000025885906800, 0x0000025885908800,
0x0000025885902800, 0x0000025885907800, 0x0000025885905000, 0x0000025885909000,
0x0000025885903800, 0x000002588590a000, 0x0000025885904800, 0x000002588590b000,
0x0000025885893800, 0x0000025885897800, 0x0000025885899000, 0x000002588589a800,
0x000002588589b800, 0x000002588589a000, 0x0000025885898000, 0x0000025885895000,
0x0000025885894000, 0x000002588589c800, 0x0000025885896000, 0x0000025885896800,
0x00000258858a1000, 0x000002588589d000
}

Java Threads: ( => current thread )
  0x00000258e7d93800 JavaThread "main" [_thread_in_Java, id=15672, stack(0x00000069bae00000,0x00000069baf00000)]
  0x00000258ffa9a000 JavaThread "Reference Handler" daemon [_thread_blocked, id=15924, stack(0x00000069bb500000,0x00000069bb600000)]
  0x00000258ffaa3800 JavaThread "Finalizer" daemon [_thread_blocked, id=12692, stack(0x00000069bb600000,0x00000069bb700000)]
  0x00000258ffab8800 JavaThread "Signal Dispatcher" daemon [_thread_blocked, id=18552, stack(0x00000069bb700000,0x00000069bb800000)]
  0x00000258ffab9800 JavaThread "Attach Listener" daemon [_thread_blocked, id=17440, stack(0x00000069bb800000,0x00000069bb900000)]
  0x00000258ffaba800 JavaThread "Service Thread" daemon [_thread_blocked, id=7108, stack(0x00000069bb900000,0x00000069bba00000)]
=>0x00000258ffabd000 JavaThread "C2 CompilerThread0" daemon [_thread_in_native, id=15628, stack(0x00000069bba00000,0x00000069bbb00000)]
  0x00000258ffb3b800 JavaThread "C1 CompilerThread0" daemon [_thread_blocked, id=11260, stack(0x00000069bbb00000,0x00000069bbc00000)]
  0x00000258ffb3c800 JavaThread "Sweeper thread" daemon [_thread_blocked, id=10044, stack(0x00000069bbc00000,0x00000069bbd00000)]
  0x00000258848a4000 JavaThread "Notification Thread" daemon [_thread_blocked, id=5484, stack(0x00000069bbd00000,0x00000069bbe00000)]
  0x00000258848ac800 JavaThread "Common-Cleaner" daemon [_thread_blocked, id=9116, stack(0x00000069bbf00000,0x00000069bc000000)]
  0x00000258854d7800 JavaThread "OkHttp ConnectionPool" daemon [_thread_blocked, id=19324, stack(0x00000069bc800000,0x00000069bc900000)]
  0x000002588536c000 JavaThread "Okio Watchdog" daemon [_thread_blocked, id=14728, stack(0x00000069bc900000,0x00000069bca00000)]
  0x0000025885baf000 JavaThread "Exec Default Executor" daemon [_thread_in_native, id=4928, stack(0x00000069bc300000,0x00000069bc400000)]
  0x0000025885bad800 JavaThread "Exec Stream Pumper" daemon [_thread_in_native, id=96, stack(0x00000069bc500000,0x00000069bc600000)]
  0x0000025885bae000 JavaThread "Exec Stream Pumper" daemon [_thread_in_native, id=18576, stack(0x00000069bc600000,0x00000069bc700000)]
  0x0000025885baf800 JavaThread "Exec Default Executor" daemon [_thread_in_native, id=2552, stack(0x00000069bc700000,0x00000069bc800000)]
  0x0000025884b03800 JavaThread "Exec Stream Pumper" daemon [_thread_in_native, id=19212, stack(0x00000069bca00000,0x00000069bcb00000)]
  0x0000025884b00800 JavaThread "Exec Stream Pumper" daemon [_thread_in_native, id=16248, stack(0x00000069bcb00000,0x00000069bcc00000)]
  0x0000025884b01000 JavaThread "Exec Default Executor" daemon [_thread_in_native, id=18316, stack(0x00000069bcc00000,0x00000069bcd00000)]
  0x0000025884b07800 JavaThread "Exec Stream Pumper" daemon [_thread_in_native, id=16304, stack(0x00000069bcd00000,0x00000069bce00000)]
  0x0000025884b05000 JavaThread "Exec Stream Pumper" daemon [_thread_in_native, id=18828, stack(0x00000069bce00000,0x00000069bcf00000)]
  0x0000025884b07000 JavaThread "Exec Default Executor" daemon [_thread_in_native, id=12504, stack(0x00000069bcf00000,0x00000069bd000000)]
  0x0000025884b02000 JavaThread "Exec Stream Pumper" daemon [_thread_in_native, id=6108, stack(0x00000069bd000000,0x00000069bd100000)]
  0x0000025884b08800 JavaThread "Exec Stream Pumper" daemon [_thread_in_native, id=12340, stack(0x00000069bd100000,0x00000069bd200000)]
  0x0000025884b06000 JavaThread "Exec Default Executor" daemon [_thread_in_native, id=13004, stack(0x00000069bac00000,0x00000069bad00000)]
  0x0000025884b0f000 JavaThread "Exec Stream Pumper" daemon [_thread_in_native, id=17720, stack(0x00000069bad00000,0x00000069bae00000)]
  0x0000025884b0a000 JavaThread "Exec Stream Pumper" daemon [_thread_in_native, id=19396, stack(0x00000069bd500000,0x00000069bd600000)]
  0x0000025884b02800 JavaThread "Exec Default Executor" daemon [_thread_in_native, id=6500, stack(0x00000069bd200000,0x00000069bd300000)]
  0x0000025884b04800 JavaThread "Exec Stream Pumper" daemon [_thread_in_native, id=7368, stack(0x00000069bd300000,0x00000069bd400000)]
  0x0000025884b0e000 JavaThread "Exec Stream Pumper" daemon [_thread_in_native, id=18472, stack(0x00000069bd400000,0x00000069bd500000)]
  0x0000025884b0b000 JavaThread "Exec Default Executor" daemon [_thread_in_native, id=18016, stack(0x00000069bd600000,0x00000069bd700000)]
  0x0000025884b0b800 JavaThread "Exec Stream Pumper" daemon [_thread_in_native, id=14620, stack(0x00000069bd700000,0x00000069bd800000)]
  0x0000025884b0c800 JavaThread "Exec Stream Pumper" daemon [_thread_in_native, id=16300, stack(0x00000069bd800000,0x00000069bd900000)]
  0x00000258858fd800 JavaThread "Exec Default Executor" daemon [_thread_in_native, id=18888, stack(0x00000069bc200000,0x00000069bc300000)]
  0x00000258858fe800 JavaThread "Exec Stream Pumper" daemon [_thread_in_native, id=14472, stack(0x00000069bc400000,0x00000069bc500000)]
  0x00000258858ff800 JavaThread "Exec Stream Pumper" daemon [_thread_in_native, id=15544, stack(0x00000069bda00000,0x00000069bdb00000)]
  0x0000025885900000 JavaThread "Exec Default Executor" daemon [_thread_in_native, id=18220, stack(0x00000069bdb00000,0x00000069bdc00000)]
  0x0000025885901000 JavaThread "Exec Stream Pumper" daemon [_thread_in_native, id=16348, stack(0x00000069bdc00000,0x00000069bdd00000)]
  0x0000025885902000 JavaThread "Exec Stream Pumper" daemon [_thread_in_native, id=11088, stack(0x00000069bdd00000,0x00000069bde00000)]
  0x00000258858fc000 JavaThread "Exec Default Executor" daemon [_thread_in_native, id=6080, stack(0x00000069bde00000,0x00000069bdf00000)]
  0x0000025885906000 JavaThread "Exec Stream Pumper" daemon [_thread_in_native, id=376, stack(0x00000069bdf00000,0x00000069be000000)]
  0x0000025885906800 JavaThread "Exec Stream Pumper" daemon [_thread_in_native, id=13424, stack(0x00000069be000000,0x00000069be100000)]
  0x0000025885908800 JavaThread "Exec Default Executor" daemon [_thread_in_native, id=5880, stack(0x00000069be100000,0x00000069be200000)]
  0x0000025885902800 JavaThread "Exec Stream Pumper" daemon [_thread_in_native, id=9956, stack(0x00000069be200000,0x00000069be300000)]
  0x0000025885907800 JavaThread "Exec Stream Pumper" daemon [_thread_in_native, id=15228, stack(0x00000069be300000,0x00000069be400000)]
  0x0000025885905000 JavaThread "Exec Default Executor" daemon [_thread_in_native, id=19816, stack(0x00000069be400000,0x00000069be500000)]
  0x0000025885909000 JavaThread "Exec Stream Pumper" daemon [_thread_in_native, id=19828, stack(0x00000069be500000,0x00000069be600000)]
  0x0000025885903800 JavaThread "Exec Stream Pumper" daemon [_thread_in_native, id=19832, stack(0x00000069be600000,0x00000069be700000)]
  0x000002588590a000 JavaThread "Exec Default Executor" daemon [_thread_in_native, id=12704, stack(0x00000069be700000,0x00000069be800000)]
  0x0000025885904800 JavaThread "Exec Stream Pumper" daemon [_thread_in_native, id=19672, stack(0x00000069be800000,0x00000069be900000)]
  0x000002588590b000 JavaThread "Exec Stream Pumper" daemon [_thread_in_native, id=19692, stack(0x00000069be900000,0x00000069bea00000)]
  0x0000025885893800 JavaThread "Exec Default Executor" daemon [_thread_in_native, id=20136, stack(0x00000069bed00000,0x00000069bee00000)]
  0x0000025885897800 JavaThread "Exec Stream Pumper" daemon [_thread_in_native, id=17080, stack(0x00000069bee00000,0x00000069bef00000)]
  0x0000025885899000 JavaThread "Exec Stream Pumper" daemon [_thread_in_native, id=17876, stack(0x00000069bef00000,0x00000069bf000000)]
  0x000002588589a800 JavaThread "Exec Default Executor" daemon [_thread_in_native, id=14756, stack(0x00000069bd900000,0x00000069bda00000)]
  0x000002588589b800 JavaThread "Exec Stream Pumper" daemon [_thread_in_native, id=18536, stack(0x00000069bf100000,0x00000069bf200000)]
  0x000002588589a000 JavaThread "Exec Stream Pumper" daemon [_thread_in_native, id=20104, stack(0x00000069bf200000,0x00000069bf300000)]
  0x0000025885898000 JavaThread "UrlChecker-18" daemon [_thread_blocked, id=20332, stack(0x00000069bf000000,0x00000069bf100000)]
  0x0000025885895000 JavaThread "Exec Default Executor" daemon [_thread_in_native, id=17168, stack(0x00000069bea00000,0x00000069beb00000)]
  0x0000025885894000 JavaThread "Exec Stream Pumper" daemon [_thread_in_native, id=19528, stack(0x00000069beb00000,0x00000069bec00000)]
  0x000002588589c800 JavaThread "Exec Stream Pumper" daemon [_thread_in_native, id=19736, stack(0x00000069bec00000,0x00000069bed00000)]
  0x0000025885896000 JavaThread "Exec Default Executor" daemon [_thread_in_native, id=17200, stack(0x00000069bf300000,0x00000069bf400000)]
  0x0000025885896800 JavaThread "Exec Stream Pumper" daemon [_thread_in_native, id=19524, stack(0x00000069bf400000,0x00000069bf500000)]
  0x00000258858a1000 JavaThread "Exec Stream Pumper" daemon [_thread_in_native, id=3236, stack(0x00000069bf500000,0x00000069bf600000)]
  0x000002588589d000 JavaThread "Keep-Alive-Timer" daemon [_thread_blocked, id=14140, stack(0x00000069bf600000,0x00000069bf700000)]

Other Threads:
  0x00000258ffa96800 VMThread "VM Thread" [stack: 0x00000069bb400000,0x00000069bb500000] [id=19428]
  0x00000258848b0000 WatcherThread [stack: 0x00000069bbe00000,0x00000069bbf00000] [id=18312]
  0x00000258e7dc2800 GCTaskThread "GC Thread#0" [stack: 0x00000069baf00000,0x00000069bb000000] [id=16136]
  0x0000025884daa000 GCTaskThread "GC Thread#1" [stack: 0x00000069bc000000,0x00000069bc100000] [id=18000]
  0x00000258e7dcc800 ConcurrentGCThread "G1 Main Marker" [stack: 0x00000069bb000000,0x00000069bb100000] [id=18516]
  0x00000258e7dce800 ConcurrentGCThread "G1 Conc#0" [stack: 0x00000069bb100000,0x00000069bb200000] [id=17480]
  0x00000258e7e1b800 ConcurrentGCThread "G1 Refine#0" [stack: 0x00000069bb200000,0x00000069bb300000] [id=15944]
  0x00000258e7e21800 ConcurrentGCThread "G1 Young RemSet Sampling" [stack: 0x00000069bb300000,0x00000069bb400000] [id=16592]

Threads with active compile tasks:
C2 CompilerThread0  3928977 7411       4       org.openqa.selenium.WebDriverException::createMessage (112 bytes)
C1 CompilerThread0  3928977 7445       3       com.sun.org.apache.xerces.internal.parsers.XML11Configuration::addCommonComponent (31 bytes)

VM state:not at safepoint (normal execution)

VM Mutex/Monitor currently owned by a thread: None

Heap address: 0x00000000c0000000, size: 1024 MB, Compressed Oops mode: 32-bit
Narrow klass base: 0x0000000800000000, Narrow klass shift: 3
Compressed class space size: 1073741824 Address: 0x0000000800b30000

Heap:
 garbage-first heap   total 55296K, used 43184K [0x00000000c0000000, 0x0000000100000000)
  region size 1024K, 25 young (25600K), 1 survivors (1024K)
 Metaspace       used 28657K, capacity 29541K, committed 29872K, reserved 1075200K
  class space    used 3120K, capacity 3461K, committed 3584K, reserved 1048576K
Heap Regions: E=young(eden), S=young(survivor), O=old, HS=humongous(starts), HC=humongous(continues), CS=collection set, F=free, OA=open archive, CA=closed archive, TAMS=top-at-mark-start (previous, next)
|   0|0x00000000c0000000, 0x00000000c0100000, 0x00000000c0100000|100%|HS|  |TAMS 0x00000000c0100000, 0x00000000c0000000| Complete 
|   1|0x00000000c0100000, 0x00000000c0200000, 0x00000000c0200000|100%| O|  |TAMS 0x00000000c0200000, 0x00000000c0100000| Untracked 
|   2|0x00000000c0200000, 0x00000000c0300000, 0x00000000c0300000|100%| O|  |TAMS 0x00000000c0300000, 0x00000000c0200000| Untracked 
|   3|0x00000000c0300000, 0x00000000c0400000, 0x00000000c0400000|100%| O|  |TAMS 0x00000000c0400000, 0x00000000c0300000| Untracked 
|   4|0x00000000c0400000, 0x00000000c0500000, 0x00000000c0500000|100%| O|  |TAMS 0x00000000c0500000, 0x00000000c0400000| Untracked 
|   5|0x00000000c0500000, 0x00000000c0600000, 0x00000000c0600000|100%| O|  |TAMS 0x00000000c0600000, 0x00000000c0500000| Untracked 
|   6|0x00000000c0600000, 0x00000000c0700000, 0x00000000c0700000|100%| O|  |TAMS 0x00000000c0700000, 0x00000000c0600000| Untracked 
|   7|0x00000000c0700000, 0x00000000c0800000, 0x00000000c0800000|100%| O|  |TAMS 0x00000000c0800000, 0x00000000c0700000| Untracked 
|   8|0x00000000c0800000, 0x00000000c0900000, 0x00000000c0900000|100%| O|  |TAMS 0x00000000c0900000, 0x00000000c0800000| Untracked 
|   9|0x00000000c0900000, 0x00000000c0a00000, 0x00000000c0a00000|100%| O|  |TAMS 0x00000000c0a00000, 0x00000000c0900000| Untracked 
|  10|0x00000000c0a00000, 0x00000000c0b00000, 0x00000000c0b00000|100%| O|  |TAMS 0x00000000c0b00000, 0x00000000c0a00000| Untracked 
|  11|0x00000000c0b00000, 0x00000000c0c00000, 0x00000000c0c00000|100%| O|  |TAMS 0x00000000c0c00000, 0x00000000c0b00000| Untracked 
|  12|0x00000000c0c00000, 0x00000000c0d00000, 0x00000000c0d00000|100%| O|  |TAMS 0x00000000c0d00000, 0x00000000c0c00000| Untracked 
|  13|0x00000000c0d00000, 0x00000000c0da2800, 0x00000000c0e00000| 63%| O|  |TAMS 0x00000000c0da2800, 0x00000000c0d00000| Untracked 
|  14|0x00000000c0e00000, 0x00000000c0f00000, 0x00000000c0f00000|100%| O|  |TAMS 0x00000000c0e00000, 0x00000000c0e00000| Untracked 
|  15|0x00000000c0f00000, 0x00000000c1000000, 0x00000000c1000000|100%| O|  |TAMS 0x00000000c0f00000, 0x00000000c0f00000| Untracked 
|  16|0x00000000c1000000, 0x00000000c1100000, 0x00000000c1100000|100%| O|  |TAMS 0x00000000c1000000, 0x00000000c1000000| Untracked 
|  17|0x00000000c1100000, 0x00000000c1200000, 0x00000000c1200000|100%| O|  |TAMS 0x00000000c1100000, 0x00000000c1100000| Untracked 
|  18|0x00000000c1200000, 0x00000000c1300000, 0x00000000c1300000|100%| O|  |TAMS 0x00000000c1200000, 0x00000000c1200000| Untracked 
|  19|0x00000000c1300000, 0x00000000c1400000, 0x00000000c1400000|100%| O|  |TAMS 0x00000000c1300000, 0x00000000c1300000| Untracked 
|  20|0x00000000c1400000, 0x00000000c140f200, 0x00000000c1500000|  5%| O|  |TAMS 0x00000000c1400000, 0x00000000c1400000| Untracked 
|  21|0x00000000c1500000, 0x00000000c1500000, 0x00000000c1600000|  0%| F|  |TAMS 0x00000000c1500000, 0x00000000c1500000| Untracked 
|  22|0x00000000c1600000, 0x00000000c1600000, 0x00000000c1700000|  0%| F|  |TAMS 0x00000000c1600000, 0x00000000c1600000| Untracked 
|  23|0x00000000c1700000, 0x00000000c1700000, 0x00000000c1800000|  0%| F|  |TAMS 0x00000000c1700000, 0x00000000c1700000| Untracked 
|  24|0x00000000c1800000, 0x00000000c1800000, 0x00000000c1900000|  0%| F|  |TAMS 0x00000000c1800000, 0x00000000c1800000| Untracked 
|  25|0x00000000c1900000, 0x00000000c1900000, 0x00000000c1a00000|  0%| F|  |TAMS 0x00000000c1900000, 0x00000000c1900000| Untracked 
|  26|0x00000000c1a00000, 0x00000000c1a00000, 0x00000000c1b00000|  0%| F|  |TAMS 0x00000000c1a00000, 0x00000000c1a00000| Untracked 
|  27|0x00000000c1b00000, 0x00000000c1b00000, 0x00000000c1c00000|  0%| F|  |TAMS 0x00000000c1b00000, 0x00000000c1b00000| Untracked 
|  28|0x00000000c1c00000, 0x00000000c1c7a8b0, 0x00000000c1d00000| 47%| S|CS|TAMS 0x00000000c1c00000, 0x00000000c1c00000| Complete 
|  29|0x00000000c1d00000, 0x00000000c1d00000, 0x00000000c1e00000|  0%| F|  |TAMS 0x00000000c1d00000, 0x00000000c1d00000| Untracked 
|  30|0x00000000c1e00000, 0x00000000c1efb508, 0x00000000c1f00000| 98%| E|  |TAMS 0x00000000c1e00000, 0x00000000c1e00000| Complete 
|  31|0x00000000c1f00000, 0x00000000c2000000, 0x00000000c2000000|100%| E|CS|TAMS 0x00000000c1f00000, 0x00000000c1f00000| Complete 
|  32|0x00000000c2000000, 0x00000000c2100000, 0x00000000c2100000|100%| E|  |TAMS 0x00000000c2000000, 0x00000000c2000000| Complete 
|  33|0x00000000c2100000, 0x00000000c2200000, 0x00000000c2200000|100%| E|CS|TAMS 0x00000000c2100000, 0x00000000c2100000| Complete 
|  34|0x00000000c2200000, 0x00000000c2300000, 0x00000000c2300000|100%| E|CS|TAMS 0x00000000c2200000, 0x00000000c2200000| Complete 
|  35|0x00000000c2300000, 0x00000000c2400000, 0x00000000c2400000|100%| E|CS|TAMS 0x00000000c2300000, 0x00000000c2300000| Complete 
|  36|0x00000000c2400000, 0x00000000c2500000, 0x00000000c2500000|100%| E|CS|TAMS 0x00000000c2400000, 0x00000000c2400000| Complete 
|  37|0x00000000c2500000, 0x00000000c2600000, 0x00000000c2600000|100%| E|CS|TAMS 0x00000000c2500000, 0x00000000c2500000| Complete 
|  38|0x00000000c2600000, 0x00000000c2700000, 0x00000000c2700000|100%| E|CS|TAMS 0x00000000c2600000, 0x00000000c2600000| Complete 
|  39|0x00000000c2700000, 0x00000000c2800000, 0x00000000c2800000|100%| E|CS|TAMS 0x00000000c2700000, 0x00000000c2700000| Complete 
|  40|0x00000000c2800000, 0x00000000c2900000, 0x00000000c2900000|100%| E|CS|TAMS 0x00000000c2800000, 0x00000000c2800000| Complete 
|  41|0x00000000c2900000, 0x00000000c2a00000, 0x00000000c2a00000|100%| E|CS|TAMS 0x00000000c2900000, 0x00000000c2900000| Complete 
|  42|0x00000000c2a00000, 0x00000000c2b00000, 0x00000000c2b00000|100%| E|CS|TAMS 0x00000000c2a00000, 0x00000000c2a00000| Complete 
|  43|0x00000000c2b00000, 0x00000000c2c00000, 0x00000000c2c00000|100%| E|CS|TAMS 0x00000000c2b00000, 0x00000000c2b00000| Complete 
|  44|0x00000000c2c00000, 0x00000000c2d00000, 0x00000000c2d00000|100%| E|CS|TAMS 0x00000000c2c00000, 0x00000000c2c00000| Complete 
|  45|0x00000000c2d00000, 0x00000000c2e00000, 0x00000000c2e00000|100%| E|CS|TAMS 0x00000000c2d00000, 0x00000000c2d00000| Complete 
|  46|0x00000000c2e00000, 0x00000000c2f00000, 0x00000000c2f00000|100%| E|CS|TAMS 0x00000000c2e00000, 0x00000000c2e00000| Complete 
|  47|0x00000000c2f00000, 0x00000000c3000000, 0x00000000c3000000|100%| E|CS|TAMS 0x00000000c2f00000, 0x00000000c2f00000| Complete 
|  48|0x00000000c3000000, 0x00000000c3100000, 0x00000000c3100000|100%| E|CS|TAMS 0x00000000c3000000, 0x00000000c3000000| Complete 
|  49|0x00000000c3100000, 0x00000000c3200000, 0x00000000c3200000|100%| E|CS|TAMS 0x00000000c3100000, 0x00000000c3100000| Complete 
|  50|0x00000000c3200000, 0x00000000c3300000, 0x00000000c3300000|100%| E|CS|TAMS 0x00000000c3200000, 0x00000000c3200000| Complete 
|  51|0x00000000c3300000, 0x00000000c3400000, 0x00000000c3400000|100%| E|CS|TAMS 0x00000000c3300000, 0x00000000c3300000| Complete 
|  52|0x00000000c3400000, 0x00000000c3500000, 0x00000000c3500000|100%| E|CS|TAMS 0x00000000c3400000, 0x00000000c3400000| Complete 
|  76|0x00000000c4c00000, 0x00000000c4d00000, 0x00000000c4d00000|100%| E|CS|TAMS 0x00000000c4c00000, 0x00000000c4c00000| Complete 

Card table byte_map: [0x00000258e7b60000,0x00000258e7d60000] _byte_map_base: 0x00000258e7560000

Marking Bits (Prev, Next): (CMBitMap*) 0x00000258e7dc37e8, (CMBitMap*) 0x00000258e7dc37a8
 Prev Bits: [0x0000025881000000, 0x0000025882000000)
 Next Bits: [0x0000025880000000, 0x0000025881000000)

Polling page: 0x00000258e5bc0000

Metaspace:

Usage:
  Non-class:     25.47 MB capacity,    24.94 MB ( 98%) used,   439.33 KB (  2%) free+waste,   100.75 KB ( <1%) overhead. 
      Class:      3.38 MB capacity,     3.05 MB ( 90%) used,   294.49 KB (  9%) free+waste,    46.31 KB (  1%) overhead. 
       Both:     28.85 MB capacity,    27.99 MB ( 97%) used,   733.82 KB (  2%) free+waste,   147.06 KB ( <1%) overhead. 

Virtual space:
  Non-class space:       26.00 MB reserved,      25.67 MB ( 99%) committed 
      Class space:        1.00 GB reserved,       3.50 MB ( <1%) committed 
             Both:        1.03 GB reserved,      29.17 MB (  3%) committed 

Chunk freelists:
   Non-Class:  16.00 KB
       Class:  0 bytes
        Both:  16.00 KB

MaxMetaspaceSize: 17179869184.00 GB
CompressedClassSpaceSize: 1.00 GB

CodeHeap 'non-profiled nmethods': size=120064Kb used=5434Kb max_used=5434Kb free=114629Kb
 bounds [0x00000258f7ff0000, 0x00000258f8540000, 0x00000258ff530000]
CodeHeap 'profiled nmethods': size=120000Kb used=14340Kb max_used=14340Kb free=105659Kb
 bounds [0x00000258f0ac0000, 0x00000258f18d0000, 0x00000258f7ff0000]
CodeHeap 'non-nmethods': size=5696Kb used=1274Kb max_used=1334Kb free=4421Kb
 bounds [0x00000258f0530000, 0x00000258f07a0000, 0x00000258f0ac0000]
 total_blobs=7013 nmethods=6458 adapters=467
 compilation: enabled
              stopped_count=0, restarted_count=0
 full_count=0

Compilation events (20 events):
Event: 3928.955 Thread 0x00000258ffb3b800 nmethod 7420 0x00000258f853db10 code [0x00000258f853dca0, 0x00000258f853dd78]
Event: 3928.955 Thread 0x00000258ffb3b800 7421       1       java.util.zip.ZipEntry::setCompressedSize (6 bytes)
Event: 3928.955 Thread 0x00000258ffb3b800 nmethod 7421 0x00000258f853de10 code [0x00000258f853dfa0, 0x00000258f853e078]
Event: 3928.955 Thread 0x00000258ffb3b800 7422       3       java.time.LocalDateTime::ofEpochSecond (77 bytes)
Event: 3928.956 Thread 0x00000258ffb3b800 nmethod 7422 0x00000258f18ae490 code [0x00000258f18ae700, 0x00000258f18af2a8]
Event: 3928.956 Thread 0x00000258ffb3b800 7423       3       java.time.temporal.ChronoField::checkValidIntValue (10 bytes)
Event: 3928.957 Thread 0x00000258ffb3b800 nmethod 7423 0x00000258f18af810 code [0x00000258f18afa00, 0x00000258f18aff28]
Event: 3928.957 Thread 0x00000258ffb3b800 7424       3       java.time.LocalTime::create (26 bytes)
Event: 3928.957 Thread 0x00000258ffb3b800 nmethod 7424 0x00000258f18b0110 code [0x00000258f18b02c0, 0x00000258f18b0558]
Event: 3928.957 Thread 0x00000258ffb3b800 7425       3       java.nio.MappedByteBuffer::flip (5 bytes)
Event: 3928.957 Thread 0x00000258ffb3b800 nmethod 7425 0x00000258f18b0690 code [0x00000258f18b0840, 0x00000258f18b0a98]
Event: 3928.958 Thread 0x00000258ffb3b800 7426       3       sun.nio.ch.FileDispatcherImpl::seek (6 bytes)
Event: 3928.958 Thread 0x00000258ffb3b800 nmethod 7426 0x00000258f18b0b90 code [0x00000258f18b0d40, 0x00000258f18b0e88]
Event: 3928.958 Thread 0x00000258ffb3b800 7428       3       java.io.SequenceInputStream::peekNextStream (49 bytes)
Event: 3928.958 Thread 0x00000258ffb3b800 nmethod 7428 0x00000258f18b0f10 code [0x00000258f18b1100, 0x00000258f18b16a8]
Event: 3928.959 Thread 0x00000258ffb3b800 7429       3       com.sun.org.apache.xerces.internal.impl.dtd.XMLSimpleType::<init> (5 bytes)
Event: 3928.959 Thread 0x00000258ffb3b800 nmethod 7429 0x00000258f18b1810 code [0x00000258f18b19a0, 0x00000258f18b1b18]
Event: 3928.960 Thread 0x00000258ffb3b800 7430       1       org.apache.poi.openxml4j.opc.PackagePartName::isRelationshipPartURI (5 bytes)
Event: 3928.960 Thread 0x00000258ffb3b800 nmethod 7430 0x00000258f853e510 code [0x00000258f853e6a0, 0x00000258f853e778]
Event: 3928.960 Thread 0x00000258ffb3b800 7431       3       org.apache.poi.openxml4j.opc.PackagingURIHelper::toURI (218 bytes)

GC Heap History (20 events):
Event: 3926.809 GC heap before
{Heap before GC invocations=131 (full 0):
 garbage-first heap   total 55296K, used 47178K [0x00000000c0000000, 0x0000000100000000)
  region size 1024K, 27 young (27648K), 1 survivors (1024K)
 Metaspace       used 28615K, capacity 29477K, committed 29616K, reserved 1075200K
  class space    used 3120K, capacity 3461K, committed 3584K, reserved 1048576K
}
Event: 3926.810 GC heap after
{Heap after GC invocations=132 (full 0):
 garbage-first heap   total 55296K, used 20546K [0x00000000c0000000, 0x0000000100000000)
  region size 1024K, 1 young (1024K), 1 survivors (1024K)
 Metaspace       used 28615K, capacity 29477K, committed 29616K, reserved 1075200K
  class space    used 3120K, capacity 3461K, committed 3584K, reserved 1048576K
}
Event: 3927.005 GC heap before
{Heap before GC invocations=132 (full 0):
 garbage-first heap   total 55296K, used 47170K [0x00000000c0000000, 0x0000000100000000)
  region size 1024K, 27 young (27648K), 1 survivors (1024K)
 Metaspace       used 28617K, capacity 29541K, committed 29872K, reserved 1075200K
  class space    used 3120K, capacity 3461K, committed 3584K, reserved 1048576K
}
Event: 3927.006 GC heap after
{Heap after GC invocations=133 (full 0):
 garbage-first heap   total 55296K, used 20562K [0x00000000c0000000, 0x0000000100000000)
  region size 1024K, 1 young (1024K), 1 survivors (1024K)
 Metaspace       used 28617K, capacity 29541K, committed 29872K, reserved 1075200K
  class space    used 3120K, capacity 3461K, committed 3584K, reserved 1048576K
}
Event: 3927.202 GC heap before
{Heap before GC invocations=133 (full 0):
 garbage-first heap   total 55296K, used 47186K [0x00000000c0000000, 0x0000000100000000)
  region size 1024K, 27 young (27648K), 1 survivors (1024K)
 Metaspace       used 28619K, capacity 29541K, committed 29872K, reserved 1075200K
  class space    used 3120K, capacity 3461K, committed 3584K, reserved 1048576K
}
Event: 3927.204 GC heap after
{Heap after GC invocations=134 (full 0):
 garbage-first heap   total 55296K, used 20638K [0x00000000c0000000, 0x0000000100000000)
  region size 1024K, 1 young (1024K), 1 survivors (1024K)
 Metaspace       used 28619K, capacity 29541K, committed 29872K, reserved 1075200K
  class space    used 3120K, capacity 3461K, committed 3584K, reserved 1048576K
}
Event: 3927.249 GC heap before
{Heap before GC invocations=134 (full 0):
 garbage-first heap   total 55296K, used 47262K [0x00000000c0000000, 0x0000000100000000)
  region size 1024K, 27 young (27648K), 1 survivors (1024K)
 Metaspace       used 28621K, capacity 29541K, committed 29872K, reserved 1075200K
  class space    used 3120K, capacity 3461K, committed 3584K, reserved 1048576K
}
Event: 3927.251 GC heap after
{Heap after GC invocations=135 (full 0):
 garbage-first heap   total 55296K, used 20643K [0x00000000c0000000, 0x0000000100000000)
  region size 1024K, 1 young (1024K), 1 survivors (1024K)
 Metaspace       used 28621K, capacity 29541K, committed 29872K, reserved 1075200K
  class space    used 3120K, capacity 3461K, committed 3584K, reserved 1048576K
}
Event: 3927.294 GC heap before
{Heap before GC invocations=135 (full 0):
 garbage-first heap   total 55296K, used 47267K [0x00000000c0000000, 0x0000000100000000)
  region size 1024K, 27 young (27648K), 1 survivors (1024K)
 Metaspace       used 28621K, capacity 29541K, committed 29872K, reserved 1075200K
  class space    used 3120K, capacity 3461K, committed 3584K, reserved 1048576K
}
Event: 3927.296 GC heap after
{Heap after GC invocations=136 (full 0):
 garbage-first heap   total 55296K, used 20632K [0x00000000c0000000, 0x0000000100000000)
  region size 1024K, 1 young (1024K), 1 survivors (1024K)
 Metaspace       used 28621K, capacity 29541K, committed 29872K, reserved 1075200K
  class space    used 3120K, capacity 3461K, committed 3584K, reserved 1048576K
}
Event: 3927.333 GC heap before
{Heap before GC invocations=136 (full 0):
 garbage-first heap   total 55296K, used 45208K [0x00000000c0000000, 0x0000000100000000)
  region size 1024K, 26 young (26624K), 1 survivors (1024K)
 Metaspace       used 28621K, capacity 29541K, committed 29872K, reserved 1075200K
  class space    used 3120K, capacity 3461K, committed 3584K, reserved 1048576K
}
Event: 3927.335 GC heap after
{Heap after GC invocations=137 (full 0):
 garbage-first heap   total 55296K, used 20643K [0x00000000c0000000, 0x0000000100000000)
  region size 1024K, 1 young (1024K), 1 survivors (1024K)
 Metaspace       used 28621K, capacity 29541K, committed 29872K, reserved 1075200K
  class space    used 3120K, capacity 3461K, committed 3584K, reserved 1048576K
}
Event: 3927.377 GC heap before
{Heap before GC invocations=137 (full 0):
 garbage-first heap   total 55296K, used 45219K [0x00000000c0000000, 0x0000000100000000)
  region size 1024K, 26 young (26624K), 1 survivors (1024K)
 Metaspace       used 28622K, capacity 29541K, committed 29872K, reserved 1075200K
  class space    used 3120K, capacity 3461K, committed 3584K, reserved 1048576K
}
Event: 3927.379 GC heap after
{Heap after GC invocations=138 (full 0):
 garbage-first heap   total 55296K, used 20650K [0x00000000c0000000, 0x0000000100000000)
  region size 1024K, 1 young (1024K), 1 survivors (1024K)
 Metaspace       used 28622K, capacity 29541K, committed 29872K, reserved 1075200K
  class space    used 3120K, capacity 3461K, committed 3584K, reserved 1048576K
}
Event: 3927.417 GC heap before
{Heap before GC invocations=138 (full 0):
 garbage-first heap   total 55296K, used 45226K [0x00000000c0000000, 0x0000000100000000)
  region size 1024K, 26 young (26624K), 1 survivors (1024K)
 Metaspace       used 28623K, capacity 29541K, committed 29872K, reserved 1075200K
  class space    used 3120K, capacity 3461K, committed 3584K, reserved 1048576K
}
Event: 3927.419 GC heap after
{Heap after GC invocations=139 (full 0):
 garbage-first heap   total 55296K, used 20639K [0x00000000c0000000, 0x0000000100000000)
  region size 1024K, 1 young (1024K), 1 survivors (1024K)
 Metaspace       used 28623K, capacity 29541K, committed 29872K, reserved 1075200K
  class space    used 3120K, capacity 3461K, committed 3584K, reserved 1048576K
}
Event: 3927.461 GC heap before
{Heap before GC invocations=139 (full 0):
 garbage-first heap   total 55296K, used 45215K [0x00000000c0000000, 0x0000000100000000)
  region size 1024K, 26 young (26624K), 1 survivors (1024K)
 Metaspace       used 28623K, capacity 29541K, committed 29872K, reserved 1075200K
  class space    used 3120K, capacity 3461K, committed 3584K, reserved 1048576K
}
Event: 3927.463 GC heap after
{Heap after GC invocations=140 (full 0):
 garbage-first heap   total 55296K, used 20662K [0x00000000c0000000, 0x0000000100000000)
  region size 1024K, 1 young (1024K), 1 survivors (1024K)
 Metaspace       used 28623K, capacity 29541K, committed 29872K, reserved 1075200K
  class space    used 3120K, capacity 3461K, committed 3584K, reserved 1048576K
}
Event: 3928.182 GC heap before
{Heap before GC invocations=140 (full 0):
 garbage-first heap   total 55296K, used 45238K [0x00000000c0000000, 0x0000000100000000)
  region size 1024K, 26 young (26624K), 1 survivors (1024K)
 Metaspace       used 28628K, capacity 29541K, committed 29872K, reserved 1075200K
  class space    used 3120K, capacity 3461K, committed 3584K, reserved 1048576K
}
Event: 3928.183 GC heap after
{Heap after GC invocations=141 (full 0):
 garbage-first heap   total 55296K, used 20656K [0x00000000c0000000, 0x0000000100000000)
  region size 1024K, 1 young (1024K), 1 survivors (1024K)
 Metaspace       used 28628K, capacity 29541K, committed 29872K, reserved 1075200K
  class space    used 3120K, capacity 3461K, committed 3584K, reserved 1048576K
}

Deoptimization events (20 events):
Event: 3465.292 Thread 0x00000258e7d93800 DEOPT PACKING pc=0x00000258f0af90a1 sp=0x00000069baefe1e0
Event: 3465.292 Thread 0x00000258e7d93800 DEOPT UNPACKING pc=0x00000258f057964e sp=0x00000069baefd680 mode 0
Event: 3695.087 Thread 0x00000258e7d93800 DEOPT PACKING pc=0x00000258f0be51aa sp=0x00000069baefcd70
Event: 3695.087 Thread 0x00000258e7d93800 DEOPT UNPACKING pc=0x00000258f057964e sp=0x00000069baefc1a8 mode 0
Event: 3891.811 Thread 0x00000258854d7800 Uncommon trap: trap_request=0xffffff45 fr.pc=0x00000258f8349960 relative=0x0000000000000120
Event: 3891.811 Thread 0x00000258854d7800 Uncommon trap: reason=unstable_if action=reinterpret pc=0x00000258f8349960 method=java.util.ArrayDeque.sub(III)I @ 5 c2
Event: 3891.811 Thread 0x00000258854d7800 DEOPT PACKING pc=0x00000258f8349960 sp=0x00000069bc8ff2b0
Event: 3891.811 Thread 0x00000258854d7800 DEOPT UNPACKING pc=0x00000258f057912f sp=0x00000069bc8ff120 mode 2
Event: 3918.239 Thread 0x00000258e7d93800 Uncommon trap: trap_request=0xffffff5c fr.pc=0x00000258f852679c relative=0x0000000000000c1c
Event: 3918.239 Thread 0x00000258e7d93800 Uncommon trap: reason=speculate_null_check action=make_not_entrant pc=0x00000258f852679c method=sun.net.spi.DefaultProxySelector.select(Ljava/net/URI;)Ljava/util/List; @ 240 c2
Event: 3918.239 Thread 0x00000258e7d93800 DEOPT PACKING pc=0x00000258f852679c sp=0x00000069baefcce0
Event: 3918.239 Thread 0x00000258e7d93800 DEOPT UNPACKING pc=0x00000258f057912f sp=0x00000069baefcc68 mode 2
Event: 3922.770 Thread 0x00000258e7d93800 Uncommon trap: trap_request=0xffffffde fr.pc=0x00000258f843f914 relative=0x0000000000000074
Event: 3922.770 Thread 0x00000258e7d93800 Uncommon trap: reason=class_check action=maybe_recompile pc=0x00000258f843f914 method=org.testng.internal.TestResult.getTestClass()Lorg/testng/IClass; @ 4 c2
Event: 3922.770 Thread 0x00000258e7d93800 DEOPT PACKING pc=0x00000258f843f914 sp=0x00000069baefe680
Event: 3922.770 Thread 0x00000258e7d93800 DEOPT UNPACKING pc=0x00000258f057912f sp=0x00000069baefe610 mode 2
Event: 3927.371 Thread 0x00000258e7d93800 DEOPT PACKING pc=0x00000258f1344907 sp=0x00000069baefe400
Event: 3927.371 Thread 0x00000258e7d93800 DEOPT UNPACKING pc=0x00000258f057964e sp=0x00000069baefd978 mode 0
Event: 3927.483 Thread 0x00000258e7d93800 DEOPT PACKING pc=0x00000258f1344907 sp=0x00000069baefe400
Event: 3927.483 Thread 0x00000258e7d93800 DEOPT UNPACKING pc=0x00000258f057964e sp=0x00000069baefd978 mode 0

Classes unloaded (0 events):
No events

Classes redefined (0 events):
No events

Internal exceptions (20 events):
Event: 3928.944 Thread 0x00000258e7d93800 Exception <a 'java/io/IOException'{0x00000000c1f946e8}> (0x00000000c1f946e8) 
thrown [./open/src/hotspot/share/prims/jni.cpp, line 599]
Event: 3928.944 Thread 0x00000258e7d93800 Exception <a 'java/io/IOException'{0x00000000c1f94ca0}> (0x00000000c1f94ca0) 
thrown [./open/src/hotspot/share/prims/jni.cpp, line 599]
Event: 3928.944 Thread 0x00000258e7d93800 Exception <a 'java/io/IOException'{0x00000000c1f954f0}> (0x00000000c1f954f0) 
thrown [./open/src/hotspot/share/prims/jni.cpp, line 599]
Event: 3928.944 Thread 0x00000258e7d93800 Exception <a 'java/io/IOException'{0x00000000c1f95aa8}> (0x00000000c1f95aa8) 
thrown [./open/src/hotspot/share/prims/jni.cpp, line 599]
Event: 3928.944 Thread 0x00000258e7d93800 Exception <a 'java/io/IOException'{0x00000000c1f962e8}> (0x00000000c1f962e8) 
thrown [./open/src/hotspot/share/prims/jni.cpp, line 599]
Event: 3928.944 Thread 0x00000258e7d93800 Exception <a 'java/io/IOException'{0x00000000c1f968a0}> (0x00000000c1f968a0) 
thrown [./open/src/hotspot/share/prims/jni.cpp, line 599]
Event: 3928.944 Thread 0x00000258e7d93800 Exception <a 'java/io/IOException'{0x00000000c1f970d8}> (0x00000000c1f970d8) 
thrown [./open/src/hotspot/share/prims/jni.cpp, line 599]
Event: 3928.944 Thread 0x00000258e7d93800 Exception <a 'java/io/IOException'{0x00000000c1f97690}> (0x00000000c1f97690) 
thrown [./open/src/hotspot/share/prims/jni.cpp, line 599]
Event: 3928.945 Thread 0x00000258e7d93800 Exception <a 'java/io/IOException'{0x00000000c1f97eb0}> (0x00000000c1f97eb0) 
thrown [./open/src/hotspot/share/prims/jni.cpp, line 599]
Event: 3928.945 Thread 0x00000258e7d93800 Exception <a 'java/io/IOException'{0x00000000c1f98468}> (0x00000000c1f98468) 
thrown [./open/src/hotspot/share/prims/jni.cpp, line 599]
Event: 3928.945 Thread 0x00000258e7d93800 Exception <a 'java/io/IOException'{0x00000000c1f98c80}> (0x00000000c1f98c80) 
thrown [./open/src/hotspot/share/prims/jni.cpp, line 599]
Event: 3928.945 Thread 0x00000258e7d93800 Exception <a 'java/io/IOException'{0x00000000c1f99238}> (0x00000000c1f99238) 
thrown [./open/src/hotspot/share/prims/jni.cpp, line 599]
Event: 3928.945 Thread 0x00000258e7d93800 Exception <a 'java/io/IOException'{0x00000000c1f99a38}> (0x00000000c1f99a38) 
thrown [./open/src/hotspot/share/prims/jni.cpp, line 599]
Event: 3928.945 Thread 0x00000258e7d93800 Exception <a 'java/io/IOException'{0x00000000c1f99ff0}> (0x00000000c1f99ff0) 
thrown [./open/src/hotspot/share/prims/jni.cpp, line 599]
Event: 3928.945 Thread 0x00000258e7d93800 Exception <a 'java/io/IOException'{0x00000000c1f9a868}> (0x00000000c1f9a868) 
thrown [./open/src/hotspot/share/prims/jni.cpp, line 599]
Event: 3928.945 Thread 0x00000258e7d93800 Exception <a 'java/io/IOException'{0x00000000c1f9ae20}> (0x00000000c1f9ae20) 
thrown [./open/src/hotspot/share/prims/jni.cpp, line 599]
Event: 3928.945 Thread 0x00000258e7d93800 Exception <a 'java/io/IOException'{0x00000000c1f9b668}> (0x00000000c1f9b668) 
thrown [./open/src/hotspot/share/prims/jni.cpp, line 599]
Event: 3928.945 Thread 0x00000258e7d93800 Exception <a 'java/io/IOException'{0x00000000c1f9bc20}> (0x00000000c1f9bc20) 
thrown [./open/src/hotspot/share/prims/jni.cpp, line 599]
Event: 3928.945 Thread 0x00000258e7d93800 Exception <a 'java/io/IOException'{0x00000000c1f9c458}> (0x00000000c1f9c458) 
thrown [./open/src/hotspot/share/prims/jni.cpp, line 599]
Event: 3928.945 Thread 0x00000258e7d93800 Exception <a 'java/io/IOException'{0x00000000c1f9ca10}> (0x00000000c1f9ca10) 
thrown [./open/src/hotspot/share/prims/jni.cpp, line 599]

Events (20 events):
Event: 3927.525 Thread 0x0000025885895000 Thread added: 0x0000025885895000
Event: 3927.526 Executing VM operation: HandshakeOneThread
Event: 3927.526 Executing VM operation: HandshakeOneThread done
Event: 3927.530 Thread 0x0000025885894000 Thread added: 0x0000025885894000
Event: 3927.530 Thread 0x000002588589c800 Thread added: 0x000002588589c800
Event: 3928.182 Executing VM operation: G1CollectForAllocation
Event: 3928.183 Executing VM operation: G1CollectForAllocation done
Event: 3928.296 Executing VM operation: HandshakeOneThread
Event: 3928.296 Executing VM operation: HandshakeOneThread done
Event: 3928.296 Executing VM operation: HandshakeOneThread
Event: 3928.296 Executing VM operation: HandshakeOneThread done
Event: 3928.296 Executing VM operation: HandshakeOneThread
Event: 3928.296 Executing VM operation: HandshakeOneThread done
Event: 3928.296 Thread 0x0000025885896000 Thread exited: 0x0000025885896000
Event: 3928.298 Thread 0x0000025885896000 Thread added: 0x0000025885896000
Event: 3928.298 Executing VM operation: HandshakeOneThread
Event: 3928.298 Executing VM operation: HandshakeOneThread done
Event: 3928.305 Thread 0x0000025885896800 Thread added: 0x0000025885896800
Event: 3928.305 Thread 0x00000258858a1000 Thread added: 0x00000258858a1000
Event: 3928.812 Thread 0x000002588589d000 Thread added: 0x000002588589d000


Dynamic libraries:
0x00007ff62de80000 - 0x00007ff62de8f000 	C:\Program Files\Java\jdk-14.0.2\bin\javaw.exe
0x00007ffadd3d0000 - 0x00007ffadd5bd000 	C:\windows\SYSTEM32\ntdll.dll
0x00007ffadcd50000 - 0x00007ffadce03000 	C:\windows\System32\KERNEL32.DLL
0x00007ffad9f10000 - 0x00007ffada1a4000 	C:\windows\System32\KERNELBASE.dll
0x00007ffada350000 - 0x00007ffada44a000 	C:\windows\System32\ucrtbase.dll
0x00007ffacd820000 - 0x00007ffacd835000 	C:\Program Files\Java\jdk-14.0.2\bin\VCRUNTIME140.dll
0x00007ffaccfd0000 - 0x00007ffaccfe8000 	C:\Program Files\Java\jdk-14.0.2\bin\jli.dll
0x00007ffada6c0000 - 0x00007ffada763000 	C:\windows\System32\ADVAPI32.dll
0x00007ffadc3a0000 - 0x00007ffadc43e000 	C:\windows\System32\msvcrt.dll
0x00007ffada5f0000 - 0x00007ffada68e000 	C:\windows\System32\sechost.dll
0x00007ffadc440000 - 0x00007ffadc562000 	C:\windows\System32\RPCRT4.dll
0x00007ffadc0c0000 - 0x00007ffadc257000 	C:\windows\System32\USER32.dll
0x00007ffad9ce0000 - 0x00007ffad9d00000 	C:\windows\System32\win32u.dll
0x00007ffada690000 - 0x00007ffada6b9000 	C:\windows\System32\GDI32.dll
0x00007ffada450000 - 0x00007ffada5eb000 	C:\windows\System32\gdi32full.dll
0x00007ffad94e0000 - 0x00007ffad9580000 	C:\windows\System32\msvcp_win.dll
0x00007ffac5ec0000 - 0x00007ffac6139000 	C:\windows\WinSxS\amd64_microsoft.windows.common-controls_6595b64144ccf1df_6.0.17763.1397_none_de7645305346d5dc\COMCTL32.dll
0x00007ffadcf00000 - 0x00007ffadd22c000 	C:\windows\System32\combase.dll
0x00007ffada2b0000 - 0x00007ffada32e000 	C:\windows\System32\bcryptPrimitives.dll
0x00007ffad02b0000 - 0x00007ffad02ba000 	C:\windows\SYSTEM32\VERSION.dll
0x00007ffadcd20000 - 0x00007ffadcd4e000 	C:\windows\System32\IMM32.DLL
0x00007ffac2020000 - 0x00007ffac20bb000 	C:\Program Files\Java\jdk-14.0.2\bin\msvcp140.dll
0x00007ffa9fbc0000 - 0x00007ffaa06de000 	C:\Program Files\Java\jdk-14.0.2\bin\server\jvm.dll
0x00007ffadc390000 - 0x00007ffadc398000 	C:\windows\System32\PSAPI.DLL
0x00007ffacd840000 - 0x00007ffacd849000 	C:\windows\SYSTEM32\WSOCK32.dll
0x00007ffad6120000 - 0x00007ffad6144000 	C:\windows\SYSTEM32\WINMM.dll
0x00007ffad60f0000 - 0x00007ffad611d000 	C:\windows\SYSTEM32\WINMMBASE.dll
0x00007ffada1b0000 - 0x00007ffada1fa000 	C:\windows\System32\cfgmgr32.dll
0x00007ffadce70000 - 0x00007ffadcedd000 	C:\windows\System32\WS2_32.dll
0x00007ffad93b0000 - 0x00007ffad93c1000 	C:\windows\System32\kernel.appcore.dll
0x00007ffacd810000 - 0x00007ffacd81a000 	C:\Program Files\Java\jdk-14.0.2\bin\jimage.dll
0x00007ffacb580000 - 0x00007ffacb76d000 	C:\windows\SYSTEM32\DBGHELP.DLL
0x00007ffacb500000 - 0x00007ffacb52a000 	C:\windows\SYSTEM32\dbgcore.DLL
0x00007ffaccf90000 - 0x00007ffaccfb5000 	C:\Program Files\Java\jdk-14.0.2\bin\java.dll
0x00007ffaccf70000 - 0x00007ffaccf86000 	C:\Program Files\Java\jdk-14.0.2\bin\zip.dll
0x00007ffadab40000 - 0x00007ffadc038000 	C:\windows\System32\SHELL32.dll
0x00007ffada9d0000 - 0x00007ffadaa79000 	C:\windows\System32\shcore.dll
0x00007ffad9580000 - 0x00007ffad9cd3000 	C:\windows\System32\windows.storage.dll
0x00007ffad93f0000 - 0x00007ffad9414000 	C:\windows\System32\profapi.dll
0x00007ffad9420000 - 0x00007ffad947d000 	C:\windows\System32\powrprof.dll
0x00007ffada780000 - 0x00007ffada7d2000 	C:\windows\System32\shlwapi.dll
0x00007ffada330000 - 0x00007ffada347000 	C:\windows\System32\cryptsp.dll
0x00007ffaccf50000 - 0x00007ffaccf69000 	C:\Program Files\Java\jdk-14.0.2\bin\net.dll
0x00007ffad51f0000 - 0x00007ffad52e2000 	C:\windows\SYSTEM32\WINHTTP.dll
0x00007ffad8bb0000 - 0x00007ffad8c17000 	C:\windows\system32\mswsock.dll
0x00007ffac98c0000 - 0x00007ffac98d2000 	C:\Program Files\Java\jdk-14.0.2\bin\nio.dll
0x00007ffad8910000 - 0x00007ffad89d7000 	C:\windows\SYSTEM32\DNSAPI.dll
0x00007ffada770000 - 0x00007ffada778000 	C:\windows\System32\NSI.dll
0x00007ffad88d0000 - 0x00007ffad890d000 	C:\windows\SYSTEM32\IPHLPAPI.DLL
0x00007ffacfeb0000 - 0x00007ffacfeba000 	C:\Windows\System32\rasadhlp.dll
0x00007ffad2190000 - 0x00007ffad2209000 	C:\windows\System32\fwpuclnt.dll
0x00007ffad9d00000 - 0x00007ffad9d26000 	C:\windows\System32\bcrypt.dll
0x00007ffad8730000 - 0x00007ffad8763000 	C:\windows\system32\rsaenh.dll
0x00007ffad92a0000 - 0x00007ffad92c8000 	C:\windows\SYSTEM32\USERENV.dll
0x00007ffad8d80000 - 0x00007ffad8d8c000 	C:\windows\SYSTEM32\CRYPTBASE.dll
0x00007ffad1e30000 - 0x00007ffad1e46000 	C:\windows\SYSTEM32\dhcpcsvc6.DLL
0x00007ffad1e10000 - 0x00007ffad1e2c000 	C:\windows\SYSTEM32\dhcpcsvc.DLL
0x00007ffacd800000 - 0x00007ffacd810000 	C:\Program Files\Java\jdk-14.0.2\bin\verify.dll
0x00007ffacc650000 - 0x00007ffacc65e000 	C:\Program Files\Java\jdk-14.0.2\bin\sunmscapi.dll
0x00007ffad9d30000 - 0x00007ffad9f0c000 	C:\windows\System32\CRYPT32.dll
0x00007ffad93d0000 - 0x00007ffad93e2000 	C:\windows\System32\MSASN1.dll
0x00007ffad8e80000 - 0x00007ffad8ea6000 	C:\windows\SYSTEM32\ncrypt.dll
0x00007ffad8e40000 - 0x00007ffad8e7c000 	C:\windows\SYSTEM32\NTASN1.dll
0x00007ffac2810000 - 0x00007ffac2835000 	C:\Program Files\Java\jdk-14.0.2\bin\sunec.dll
0x00007ffac5470000 - 0x00007ffac5486000 	C:\windows\system32\napinsp.dll
0x00007ffac58c0000 - 0x00007ffac58ce000 	C:\windows\System32\winrnr.dll
0x00007ffad59e0000 - 0x00007ffad59fb000 	C:\windows\system32\NLAapi.dll
0x00007ffac37d0000 - 0x00007ffac37e5000 	C:\windows\system32\wshbth.dll

dbghelp: loaded successfully - version: 4.0.5 - missing functions: none
symbol engine: initialized successfully - sym options: 0x614 - pdb path: .;C:\Program Files\Java\jdk-14.0.2\bin;C:\windows\SYSTEM32;C:\windows\WinSxS\amd64_microsoft.windows.common-controls_6595b64144ccf1df_6.0.17763.1397_none_de7645305346d5dc;C:\Program Files\Java\jdk-14.0.2\bin\server

VM Arguments:
jvm_args: -ea -Dfile.encoding=Cp1252 
java_command: org.testng.remote.RemoteTestNG -serport 62557 -protocol json -d C:\ServerRun\automation1.0\test-output C:\ServerRun\automation1.0\Build03.xml
java_class_path (initial): C:\Users\zipformqa\eclipse\java-2020-06\eclipse\configuration\org.eclipse.osgi\453\0\.cp\lib\testng-remote.jar;C:\ServerRun\automation1.0\target\classes;C:\Users\zipformqa\.m2\repository\org\seleniumhq\selenium\selenium-java\3.141.59\selenium-java-3.141.59.jar;C:\Users\zipformqa\.m2\repository\org\seleniumhq\selenium\selenium-api\3.141.59\selenium-api-3.141.59.jar;C:\Users\zipformqa\.m2\repository\org\seleniumhq\selenium\selenium-chrome-driver\3.141.59\selenium-chrome-driver-3.141.59.jar;C:\Users\zipformqa\.m2\repository\org\seleniumhq\selenium\selenium-edge-driver\3.141.59\selenium-edge-driver-3.141.59.jar;C:\Users\zipformqa\.m2\repository\org\seleniumhq\selenium\selenium-firefox-driver\3.141.59\selenium-firefox-driver-3.141.59.jar;C:\Users\zipformqa\.m2\repository\org\seleniumhq\selenium\selenium-ie-driver\3.141.59\selenium-ie-driver-3.141.59.jar;C:\Users\zipformqa\.m2\repository\org\seleniumhq\selenium\selenium-opera-driver\3.141.59\selenium-opera-driver-3.141.59.jar;C:\Users\zipformqa\.m2\repository\org\seleniumhq\selenium\selenium-remote-driver\3.141.59\selenium-remote-driver-3.141.59.jar;C:\Users\zipformqa\.m2\repository\org\seleniumhq\selenium\selenium-safari-driver\3.141.59\selenium-safari-driver-3.141.59.jar;C:\Users\zipformqa\.m2\repository\org\seleniumhq\selenium\selenium-support\3.141.59\selenium-support-3.141.59.jar;C:\Users\zipformqa\.m2\repository\net\bytebuddy\byte-buddy\1.8.15\byte-buddy-1.8.15.jar;C:\Users\zipformqa\.m2\repository\org\apache\commons\commons-exec\1.3\commons-exec-1.3.jar;C:\Users\zipformqa\.m2\repository\com\google\guava\guava\25.0-jre\guava-25.0-jre.jar;C:\Users\zipformqa\.m2\repository\com\google\code\findbugs\jsr305\1.3.9\jsr305-1.3.9.jar;C:\Users\zipformqa\.m2\repository\org\checkerframework\checker-compat-qual\2.0.0\checker-compat-qual-2.0.0.jar;C:\Users\zipformqa\.m2\repository\com\google\errorprone\error_prone_annotations\2.1.3\error_prone_annotations-2.1.3.jar;C:\Users\zipformqa\.m2\repository\co
Launcher Type: SUN_STANDARD

[Global flags]
     intx CICompilerCount                          = 2                                         {product} {ergonomic}
     uint ConcGCThreads                            = 1                                         {product} {ergonomic}
     uint G1ConcRefinementThreads                  = 2                                         {product} {ergonomic}
   size_t G1HeapRegionSize                         = 1048576                                   {product} {ergonomic}
    uintx GCDrainStackTargetSize                   = 64                                        {product} {ergonomic}
   size_t InitialHeapSize                          = 67108864                                  {product} {ergonomic}
   size_t MarkStackSize                            = 4194304                                   {product} {ergonomic}
   size_t MaxHeapSize                              = 1073741824                                {product} {ergonomic}
   size_t MaxNewSize                               = 643825664                                 {product} {ergonomic}
   size_t MinHeapDeltaBytes                        = 1048576                                   {product} {ergonomic}
   size_t MinHeapSize                              = 8388608                                   {product} {ergonomic}
    uintx NonNMethodCodeHeapSize                   = 5826188                                {pd product} {ergonomic}
    uintx NonProfiledCodeHeapSize                  = 122916026                              {pd product} {ergonomic}
    uintx ProfiledCodeHeapSize                     = 122916026                              {pd product} {ergonomic}
    uintx ReservedCodeCacheSize                    = 251658240                              {pd product} {ergonomic}
     bool SegmentedCodeCache                       = true                                      {product} {ergonomic}
   size_t SoftMaxHeapSize                          = 1073741824                             {manageable} {ergonomic}
     bool UseCompressedClassPointers               = true                                 {lp64_product} {ergonomic}
     bool UseCompressedOops                        = true                                 {lp64_product} {ergonomic}
     bool UseG1GC                                  = true                                      {product} {ergonomic}
     bool UseLargePagesIndividualAllocation        = false                                  {pd product} {ergonomic}

Logging:
Log output configuration:
 #0: stdout all=warning uptime,level,tags
 #1: stderr all=off uptime,level,tags

Environment Variables:
PATH=C:/Program Files/Java/jdk-14.0.2/bin/server;C:/Program Files/Java/jdk-14.0.2/bin;C:\Program Files (x86)\Common Files\Oracle\Java\javapath;C:\windows\system32;C:\windows;C:\windows\System32\Wbem;C:\windows\System32\WindowsPowerShell\v1.0\;C:\windows\System32\OpenSSH\;C:\Program Files\Git\cmd;C:\Users\zipformqa\AppData\Local\Microsoft\WindowsApps;;C:\Users\zipformqa\Desktop;
USERNAME=zipformqa
OS=Windows_NT
PROCESSOR_IDENTIFIER=Intel64 Family 6 Model 79 Stepping 1, GenuineIntel



---------------  S Y S T E M  ---------------

OS: Windows Server 2019 , 64 bit Build 17763 (10.0.17763.1339)
OS uptime: 1 days 23:00 hours
HyperV virtualization detected

CPU:total 2 (initial active 2) (2 cores per cpu, 1 threads per core) family 6 model 79 stepping 1, cmov, cx8, fxsr, mmx, sse, sse2, sse3, ssse3, sse4.1, sse4.2, popcnt, avx, avx2, aes, clmul, erms, rtm, 3dnowpref, lzcnt, tsc, bmi1, bmi2, adx, fma

Memory: 4k page, system-wide physical 4095M (732M free)
TotalPageFile size 5119M (AvailPageFile size 4M)
current process WorkingSet (physical memory assigned to process): 165M, peak: 180M
current process commit charge ("private bytes"): 194M, peak: 208M

vm_info: Java HotSpot(TM) 64-Bit Server VM (14.0.2+12-46) for windows-amd64 JRE (14.0.2+12-46), built on Jul  9 2020 00:35:52 by "mach5one" with MS VC++ 15.9 (VS2017)

END.
